{"level":"info","message":"Hello from Acquisitions!","service":"acquisitions-api","timestamp":"2025-12-02T20:06:12.508Z"}
{"level":"info","message":"::1 - - [02/Dec/2025:20:06:12 +0000] \"GET / HTTP/1.1\" 200 24 \"-\" \"Mozilla/5.0 (Windows NT 10.0; Win64; x64) AppleWebKit/537.36 (KHTML, like Gecko) Cursor/2.1.39 Chrome/138.0.7204.251 Electron/37.7.0 Safari/537.36\"","service":"acquisitions-api","timestamp":"2025-12-02T20:06:12.534Z"}
{"level":"info","message":"Hello from Acquisitions!","service":"acquisitions-api","timestamp":"2025-12-02T20:06:13.109Z"}
{"level":"info","message":"::1 - - [02/Dec/2025:20:06:13 +0000] \"GET / HTTP/1.1\" 304 - \"-\" \"Mozilla/5.0 (Windows NT 10.0; Win64; x64) AppleWebKit/537.36 (KHTML, like Gecko) Cursor/2.1.39 Chrome/138.0.7204.251 Electron/37.7.0 Safari/537.36\"","service":"acquisitions-api","timestamp":"2025-12-02T20:06:13.112Z"}
{"level":"info","message":"Hello from Acquisitions!","service":"acquisitions-api","timestamp":"2025-12-02T20:06:13.463Z"}
{"level":"info","message":"::1 - - [02/Dec/2025:20:06:13 +0000] \"GET / HTTP/1.1\" 304 - \"-\" \"Mozilla/5.0 (Windows NT 10.0; Win64; x64) AppleWebKit/537.36 (KHTML, like Gecko) Cursor/2.1.39 Chrome/138.0.7204.251 Electron/37.7.0 Safari/537.36\"","service":"acquisitions-api","timestamp":"2025-12-02T20:06:13.469Z"}
{"level":"info","message":"Hello from Acquisitions!","service":"acquisitions-api","timestamp":"2025-12-02T20:33:10.854Z"}
{"level":"info","message":"::1 - - [02/Dec/2025:20:33:10 +0000] \"GET / HTTP/1.1\" 304 - \"-\" \"Mozilla/5.0 (Windows NT 10.0; Win64; x64) AppleWebKit/537.36 (KHTML, like Gecko) Cursor/2.1.39 Chrome/138.0.7204.251 Electron/37.7.0 Safari/537.36\"","service":"acquisitions-api","timestamp":"2025-12-02T20:33:10.881Z"}
{"level":"info","message":"Hello from Acquisitions!","service":"acquisitions-api","timestamp":"2025-12-02T20:33:11.463Z"}
{"level":"info","message":"::1 - - [02/Dec/2025:20:33:11 +0000] \"GET / HTTP/1.1\" 304 - \"-\" \"Mozilla/5.0 (Windows NT 10.0; Win64; x64) AppleWebKit/537.36 (KHTML, like Gecko) Cursor/2.1.39 Chrome/138.0.7204.251 Electron/37.7.0 Safari/537.36\"","service":"acquisitions-api","timestamp":"2025-12-02T20:33:11.467Z"}
{"level":"info","message":"Hello from Acquisitions!","service":"acquisitions-api","timestamp":"2025-12-02T20:33:11.830Z"}
{"level":"info","message":"::1 - - [02/Dec/2025:20:33:11 +0000] \"GET / HTTP/1.1\" 304 - \"-\" \"Mozilla/5.0 (Windows NT 10.0; Win64; x64) AppleWebKit/537.36 (KHTML, like Gecko) Cursor/2.1.39 Chrome/138.0.7204.251 Electron/37.7.0 Safari/537.36\"","service":"acquisitions-api","timestamp":"2025-12-02T20:33:11.833Z"}
{"level":"info","message":"::1 - - [02/Dec/2025:20:33:16 +0000] \"GET /health HTTP/1.1\" 200 74 \"-\" \"Mozilla/5.0 (Windows NT 10.0; Win64; x64) AppleWebKit/537.36 (KHTML, like Gecko) Cursor/2.1.39 Chrome/138.0.7204.251 Electron/37.7.0 Safari/537.36\"","service":"acquisitions-api","timestamp":"2025-12-02T20:33:16.224Z"}
{"level":"info","message":"::1 - - [02/Dec/2025:20:33:23 +0000] \"GET /api HTTP/1.1\" 200 41 \"-\" \"Mozilla/5.0 (Windows NT 10.0; Win64; x64) AppleWebKit/537.36 (KHTML, like Gecko) Cursor/2.1.39 Chrome/138.0.7204.251 Electron/37.7.0 Safari/537.36\"","service":"acquisitions-api","timestamp":"2025-12-02T20:33:23.918Z"}
{"level":"info","message":"Hello from Acquisitions!","service":"acquisitions-api","timestamp":"2025-12-02T20:44:15.982Z"}
{"level":"info","message":"::1 - - [02/Dec/2025:20:44:15 +0000] \"GET / HTTP/1.1\" 200 24 \"-\" \"HTTPie\"","service":"acquisitions-api","timestamp":"2025-12-02T20:44:15.986Z"}
{"level":"info","message":"::1 - - [02/Dec/2025:20:44:33 +0000] \"POST /api/sign-up HTTP/1.1\" 404 151 \"-\" \"HTTPie\"","service":"acquisitions-api","timestamp":"2025-12-02T20:44:33.832Z"}
{"level":"info","message":"::1 - - [02/Dec/2025:20:44:39 +0000] \"POST /sign-up HTTP/1.1\" 404 147 \"-\" \"HTTPie\"","service":"acquisitions-api","timestamp":"2025-12-02T20:44:39.545Z"}
{"level":"info","message":"::1 - - [02/Dec/2025:20:46:19 +0000] \"POST /api HTTP/1.1\" 404 143 \"-\" \"HTTPie\"","service":"acquisitions-api","timestamp":"2025-12-02T20:46:19.327Z"}
{"level":"info","message":"::1 - - [02/Dec/2025:20:46:24 +0000] \"GET /api HTTP/1.1\" 200 41 \"-\" \"HTTPie\"","service":"acquisitions-api","timestamp":"2025-12-02T20:46:24.709Z"}
{"level":"info","message":"::1 - - [02/Dec/2025:20:47:04 +0000] \"POST /api/auth/sign-up HTTP/1.1\" 200 31 \"-\" \"HTTPie\"","service":"acquisitions-api","timestamp":"2025-12-02T20:47:04.135Z"}
{"level":"info","message":"::1 - - [03/Dec/2025:18:49:07 +0000] \"GET /health HTTP/1.1\" 200 74 \"-\" \"HTTPie\"","service":"acquisitions-api","timestamp":"2025-12-03T18:49:07.875Z"}
{"level":"info","message":"::1 - - [03/Dec/2025:18:49:09 +0000] \"GET /health HTTP/1.1\" 200 74 \"-\" \"HTTPie\"","service":"acquisitions-api","timestamp":"2025-12-03T18:49:09.597Z"}
{"level":"info","message":"::1 - - [03/Dec/2025:19:31:31 +0000] \"POST /auth/signup HTTP/1.1\" 404 151 \"-\" \"HTTPie\"","service":"acquisitions-api","timestamp":"2025-12-03T19:31:31.747Z"}
{"level":"info","message":"::1 - - [03/Dec/2025:19:31:45 +0000] \"POST /api/auth/sign-up HTTP/1.1\" 400 92 \"-\" \"HTTPie\"","service":"acquisitions-api","timestamp":"2025-12-03T19:31:45.648Z"}
{"level":"info","message":"User registered successfully: anirban@gmail.com","service":"acquisitions-api","timestamp":"2025-12-03T19:33:50.639Z"}
{"level":"info","message":"::1 - - [03/Dec/2025:19:33:50 +0000] \"POST /api/auth/sign-up HTTP/1.1\" 201 104 \"-\" \"HTTPie\"","service":"acquisitions-api","timestamp":"2025-12-03T19:33:50.643Z"}
{"level":"info","message":"Hello from Acquisitions!","service":"acquisitions-api","timestamp":"2025-12-03T19:34:16.412Z"}
{"level":"info","message":"::1 - - [03/Dec/2025:19:34:16 +0000] \"GET / HTTP/1.1\" 304 - \"-\" \"Mozilla/5.0 (Windows NT 10.0; Win64; x64) AppleWebKit/537.36 (KHTML, like Gecko) Cursor/2.1.39 Chrome/138.0.7204.251 Electron/37.7.0 Safari/537.36\"","service":"acquisitions-api","timestamp":"2025-12-03T19:34:16.438Z"}
{"level":"info","message":"Hello from Acquisitions!","service":"acquisitions-api","timestamp":"2025-12-03T19:34:17.062Z"}
{"level":"info","message":"::1 - - [03/Dec/2025:19:34:17 +0000] \"GET / HTTP/1.1\" 304 - \"-\" \"Mozilla/5.0 (Windows NT 10.0; Win64; x64) AppleWebKit/537.36 (KHTML, like Gecko) Cursor/2.1.39 Chrome/138.0.7204.251 Electron/37.7.0 Safari/537.36\"","service":"acquisitions-api","timestamp":"2025-12-03T19:34:17.068Z"}
{"level":"info","message":"Hello from Acquisitions!","service":"acquisitions-api","timestamp":"2025-12-03T19:34:17.432Z"}
{"level":"info","message":"::1 - - [03/Dec/2025:19:34:17 +0000] \"GET / HTTP/1.1\" 304 - \"-\" \"Mozilla/5.0 (Windows NT 10.0; Win64; x64) AppleWebKit/537.36 (KHTML, like Gecko) Cursor/2.1.39 Chrome/138.0.7204.251 Electron/37.7.0 Safari/537.36\"","service":"acquisitions-api","timestamp":"2025-12-03T19:34:17.435Z"}
{"level":"info","message":"User registered successfully: anirban@gmail.com","service":"acquisitions-api","timestamp":"2025-12-03T19:34:25.416Z"}
{"level":"info","message":"::1 - - [03/Dec/2025:19:34:25 +0000] \"POST /api/auth/sign-up HTTP/1.1\" 201 104 \"-\" \"HTTPie\"","service":"acquisitions-api","timestamp":"2025-12-03T19:34:25.420Z"}
{"level":"info","message":"::1 - - [03/Dec/2025:19:36:14 +0000] \"POST /health HTTP/1.1\" 404 146 \"-\" \"HTTPie\"","service":"acquisitions-api","timestamp":"2025-12-03T19:36:14.746Z"}
{"level":"info","message":"::1 - - [03/Dec/2025:19:36:20 +0000] \"GET /health HTTP/1.1\" 200 74 \"-\" \"HTTPie\"","service":"acquisitions-api","timestamp":"2025-12-03T19:36:20.230Z"}
{"level":"info","message":"::1 - - [03/Dec/2025:19:36:47 +0000] \"POST /api/auth/sign-in HTTP/1.1\" 200 31 \"-\" \"HTTPie\"","service":"acquisitions-api","timestamp":"2025-12-03T19:36:47.303Z"}
{"level":"info","message":"::1 - - [03/Dec/2025:19:37:28 +0000] \"POST /api/auth/sign-up HTTP/1.1\" 400 196 \"-\" \"HTTPie\"","service":"acquisitions-api","timestamp":"2025-12-03T19:37:28.520Z"}
{"level":"info","message":"User registered successfully: anirban@gmail.com","service":"acquisitions-api","timestamp":"2025-12-03T19:37:49.402Z"}
{"level":"info","message":"::1 - - [03/Dec/2025:19:37:49 +0000] \"POST /api/auth/sign-up HTTP/1.1\" 201 104 \"-\" \"HTTPie\"","service":"acquisitions-api","timestamp":"2025-12-03T19:37:49.405Z"}
{"level":"info","message":"User anirban@gmail.com created successfully","service":"acquisitions-api","timestamp":"2025-12-04T15:44:09.921Z"}
{"level":"info","message":"User registered successfully: anirban@gmail.com","service":"acquisitions-api","timestamp":"2025-12-04T15:44:09.929Z"}
{"level":"info","message":"::1 - - [04/Dec/2025:15:44:09 +0000] \"POST /api/auth/sign-up HTTP/1.1\" 201 105 \"-\" \"HTTPie\"","service":"acquisitions-api","timestamp":"2025-12-04T15:44:09.935Z"}
{"level":"error","message":"Error creating the user: Error: Failed query: insert into \"users\" (\"id\", \"name\", \"email\", \"password\", \"role\", \"created_at\", \"updated_at\") values (default, $1, $2, $3, $4, default, default) returning \"id\", \"name\", \"email\", \"role\", \"created_at\"\nparams: Anannya,anirban@gmail.com,$2b$10$ACUxk/HsA5e29KkuOT7MnO4mRTJkwH2SnrCJuvu6LVFYq3s4lT0q6,user","service":"acquisitions-api","timestamp":"2025-12-04T15:44:32.136Z"}
{"cause":{"code":"23505","constraint":"users_email_unique","detail":"Key (email)=(anirban@gmail.com) already exists.","file":"nbtinsert.c","line":"667","name":"NeonDbError","routine":"_bt_check_unique","schema":"public","severity":"ERROR","table":"users"},"level":"error","message":"Signup error Failed query: insert into \"users\" (\"id\", \"name\", \"email\", \"password\", \"role\", \"created_at\", \"updated_at\") values (default, $1, $2, $3, $4, default, default) returning \"id\", \"name\", \"email\", \"role\", \"created_at\"\nparams: Anannya,anirban@gmail.com,$2b$10$ACUxk/HsA5e29KkuOT7MnO4mRTJkwH2SnrCJuvu6LVFYq3s4lT0q6,user","params":["Anannya","anirban@gmail.com","$2b$10$ACUxk/HsA5e29KkuOT7MnO4mRTJkwH2SnrCJuvu6LVFYq3s4lT0q6","user"],"query":"insert into \"users\" (\"id\", \"name\", \"email\", \"password\", \"role\", \"created_at\", \"updated_at\") values (default, $1, $2, $3, $4, default, default) returning \"id\", \"name\", \"email\", \"role\", \"created_at\"","service":"acquisitions-api","stack":"Error: Failed query: insert into \"users\" (\"id\", \"name\", \"email\", \"password\", \"role\", \"created_at\", \"updated_at\") values (default, $1, $2, $3, $4, default, default) returning \"id\", \"name\", \"email\", \"role\", \"created_at\"\nparams: Anannya,anirban@gmail.com,$2b$10$ACUxk/HsA5e29KkuOT7MnO4mRTJkwH2SnrCJuvu6LVFYq3s4lT0q6,user\n    at NeonHttpPreparedQuery.queryWithCache (file:///C:/Users/anirb/source/Devops/Acquisitions/node_modules/drizzle-orm/pg-core/session.js:41:15)\n    at process.processTicksAndRejections (node:internal/process/task_queues:95:5)\n    at async NeonHttpPreparedQuery.execute (file:///C:/Users/anirb/source/Devops/Acquisitions/node_modules/drizzle-orm/neon-http/session.js:45:20)\n    at async createUser (file:///C:/Users/anirb/source/Devops/Acquisitions/src/services/auth.service.js:24:27)\n    at async signup (file:///C:/Users/anirb/source/Devops/Acquisitions/src/controllers/auth.controller.js:21:21)","timestamp":"2025-12-04T15:44:32.137Z"}
{"level":"info","message":"::1 - - [04/Dec/2025:15:44:32 +0000] \"POST /api/auth/sign-up HTTP/1.1\" 500 1241 \"-\" \"HTTPie\"","service":"acquisitions-api","timestamp":"2025-12-04T15:44:32.140Z"}
{"level":"error","message":"Error creating the user: Error: Failed query: insert into \"users\" (\"id\", \"name\", \"email\", \"password\", \"role\", \"created_at\", \"updated_at\") values (default, $1, $2, $3, $4, default, default) returning \"id\", \"name\", \"email\", \"role\", \"created_at\"\nparams: Anannya,anirban@gmail.com,$2b$10$tj2f2HNqXdOGvZJHyKT7HuBYcal6OXWu04wLy/taLGNfFO.BOEIae,user","service":"acquisitions-api","timestamp":"2025-12-04T15:44:59.119Z"}
{"cause":{"code":"23505","constraint":"users_email_unique","detail":"Key (email)=(anirban@gmail.com) already exists.","file":"nbtinsert.c","line":"667","name":"NeonDbError","routine":"_bt_check_unique","schema":"public","severity":"ERROR","table":"users"},"level":"error","message":"Signup error Failed query: insert into \"users\" (\"id\", \"name\", \"email\", \"password\", \"role\", \"created_at\", \"updated_at\") values (default, $1, $2, $3, $4, default, default) returning \"id\", \"name\", \"email\", \"role\", \"created_at\"\nparams: Anannya,anirban@gmail.com,$2b$10$tj2f2HNqXdOGvZJHyKT7HuBYcal6OXWu04wLy/taLGNfFO.BOEIae,user","params":["Anannya","anirban@gmail.com","$2b$10$tj2f2HNqXdOGvZJHyKT7HuBYcal6OXWu04wLy/taLGNfFO.BOEIae","user"],"query":"insert into \"users\" (\"id\", \"name\", \"email\", \"password\", \"role\", \"created_at\", \"updated_at\") values (default, $1, $2, $3, $4, default, default) returning \"id\", \"name\", \"email\", \"role\", \"created_at\"","service":"acquisitions-api","stack":"Error: Failed query: insert into \"users\" (\"id\", \"name\", \"email\", \"password\", \"role\", \"created_at\", \"updated_at\") values (default, $1, $2, $3, $4, default, default) returning \"id\", \"name\", \"email\", \"role\", \"created_at\"\nparams: Anannya,anirban@gmail.com,$2b$10$tj2f2HNqXdOGvZJHyKT7HuBYcal6OXWu04wLy/taLGNfFO.BOEIae,user\n    at NeonHttpPreparedQuery.queryWithCache (file:///C:/Users/anirb/source/Devops/Acquisitions/node_modules/drizzle-orm/pg-core/session.js:41:15)\n    at process.processTicksAndRejections (node:internal/process/task_queues:95:5)\n    at async NeonHttpPreparedQuery.execute (file:///C:/Users/anirb/source/Devops/Acquisitions/node_modules/drizzle-orm/neon-http/session.js:45:20)\n    at async createUser (file:///C:/Users/anirb/source/Devops/Acquisitions/src/services/auth.service.js:24:27)\n    at async signup (file:///C:/Users/anirb/source/Devops/Acquisitions/src/controllers/auth.controller.js:21:21)","timestamp":"2025-12-04T15:44:59.120Z"}
{"level":"info","message":"::1 - - [04/Dec/2025:15:44:59 +0000] \"POST /api/auth/sign-up HTTP/1.1\" 500 1241 \"-\" \"HTTPie\"","service":"acquisitions-api","timestamp":"2025-12-04T15:44:59.122Z"}
{"level":"info","message":"User anannya@gmail.com created successfully","service":"acquisitions-api","timestamp":"2025-12-04T15:45:39.556Z"}
{"level":"info","message":"User registered successfully: anannya@gmail.com","service":"acquisitions-api","timestamp":"2025-12-04T15:45:39.558Z"}
{"level":"info","message":"::1 - - [04/Dec/2025:15:45:39 +0000] \"POST /api/auth/sign-up HTTP/1.1\" 201 104 \"-\" \"HTTPie\"","service":"acquisitions-api","timestamp":"2025-12-04T15:45:39.559Z"}
{"level":"info","message":"User anannya@gmail.com authenticated successfully","service":"acquisitions-api","timestamp":"2025-12-04T16:11:44.997Z"}
{"level":"info","message":"User signed in successfully: anannya@gmail.com","service":"acquisitions-api","timestamp":"2025-12-04T16:11:45.005Z"}
{"level":"info","message":"::1 - - [04/Dec/2025:16:11:45 +0000] \"POST /api/auth/sign-in HTTP/1.1\" 200 103 \"-\" \"HTTPie\"","service":"acquisitions-api","timestamp":"2025-12-04T16:11:45.011Z"}
{"level":"error","message":"Error authenticating user: Error: Invalid password","service":"acquisitions-api","timestamp":"2025-12-04T16:11:54.065Z"}
{"level":"error","message":"Signin error Invalid password","service":"acquisitions-api","stack":"Error: Invalid password\n    at authenticateUser (file:///C:/Users/anirb/source/Devops/Acquisitions/src/services/auth.service.js:66:19)\n    at async signin (file:///C:/Users/anirb/source/Devops/Acquisitions/src/controllers/auth.controller.js:59:22)","timestamp":"2025-12-04T16:11:54.066Z"}
{"level":"info","message":"::1 - - [04/Dec/2025:16:11:54 +0000] \"POST /api/auth/sign-in HTTP/1.1\" 401 37 \"-\" \"HTTPie\"","service":"acquisitions-api","timestamp":"2025-12-04T16:11:54.068Z"}
{"level":"info","message":"User signed out successfully","service":"acquisitions-api","timestamp":"2025-12-04T16:12:26.195Z"}
{"level":"info","message":"::1 - - [04/Dec/2025:16:12:26 +0000] \"POST /api/auth/sign-out HTTP/1.1\" 200 42 \"-\" \"HTTPie\"","service":"acquisitions-api","timestamp":"2025-12-04T16:12:26.197Z"}
